<?xml version="1.0" encoding="UTF-8"?>
<!-- Generated by org.testng.reporters.JUnitReportReporter -->
<testsuite hostname="DESKTOP-0VVRULL" failures="0" tests="1" name="trellotestcases.CreateBoardDeleteBoard" time="96.243" errors="0" timestamp="2023-01-05T10:50:16 IST" skipped="0">
  <testcase classname="trellotestcases.CreateBoardDeleteBoard" name="CreateBoardDeleteBoard" time="96.243"/>
  <system-out/>
</testsuite> <!-- trellotestcases.CreateBoardDeleteBoard -->
