<?xml version="1.0" encoding="UTF-8"?>
<!-- Generated by org.testng.reporters.JUnitReportReporter -->
<testsuite hostname="DESKTOP-0VVRULL" failures="0" tests="1" name="trellotestcases.SwapTwoList" time="160.474" errors="0" timestamp="2023-01-06T18:26:34 IST" skipped="0">
  <testcase classname="trellotestcases.SwapTwoList" name="SwapTwoList" time="160.474"/>
  <system-out/>
</testsuite> <!-- trellotestcases.SwapTwoList -->
