<?xml version="1.0" encoding="UTF-8"?>
<!-- Generated by org.testng.reporters.JUnitReportReporter -->
<testsuite hostname="DESKTOP-0VVRULL" failures="0" tests="1" name="trellotestcases.TrelloBoardsPage" time="107.004" errors="0" timestamp="2023-01-05T11:22:26 IST" skipped="0">
  <testcase classname="trellotestcases.TrelloBoardsPage" name="TrelloBoardsPage" time="107.004"/>
  <system-out/>
</testsuite> <!-- trellotestcases.TrelloBoardsPage -->
