<?xml version="1.0" encoding="UTF-8"?>
<!-- Generated by org.testng.reporters.JUnitReportReporter -->
<testsuite hostname="DESKTOP-0VVRULL" failures="0" tests="4" name="trello.TrelloEndToEnd" time="161.919" errors="0" timestamp="2023-01-22T18:14:59 IST" skipped="2">
  <testcase classname="trello.TrelloEndToEnd" name="trelloHomePageCheck" time="39.942"/>
  <system-out>
    <![CDATA[Home Page is displayed upon verifying the title]]>
  </system-out>
  <testcase classname="trello.TrelloEndToEnd" name="trelloLoginPageCheck" time="121.977"/>
  <system-out>
    <![CDATA[Login page is displayed upon veryfying the title and it is correct
Login page is displayed upon veryfying the URL and it is correct]]>
  </system-out>
  <testcase classname="trello.TrelloEndToEnd" name="CreateBords1BoardPageCheck">
    <skipped/>
  </testcase> <!-- CreateBords1BoardPageCheck -->
  <system-out/>
  <testcase classname="trello.TrelloEndToEnd" name="trelloBoardPagecheck">
    <skipped/>
  </testcase> <!-- trelloBoardPagecheck -->
  <system-out/>
</testsuite> <!-- trello.TrelloEndToEnd -->
