<?xml version="1.0" encoding="UTF-8"?>
<!-- Generated by org.testng.reporters.JUnitReportReporter -->
<testsuite hostname="DESKTOP-0VVRULL" failures="0" tests="1" name="trellotestcases.TrelloLoginPage" time="80.952" errors="0" timestamp="2023-01-04T18:40:26 IST" skipped="0">
  <testcase classname="trellotestcases.TrelloLoginPage" name="TrelloLoginPage" time="80.952"/>
  <system-out/>
</testsuite> <!-- trellotestcases.TrelloLoginPage -->
