<?xml version="1.0" encoding="UTF-8"?>
<!-- Generated by org.testng.reporters.JUnitReportReporter -->
<testsuite hostname="DESKTOP-0VVRULL" failures="0" tests="1" name="trellotestcases.TriggerMainUrl" time="69.456" errors="0" timestamp="2023-01-04T17:57:11 IST" skipped="0">
  <testcase classname="trellotestcases.TriggerMainUrl" name="TriggerMainUrl" time="69.456"/>
  <system-out/>
</testsuite> <!-- trellotestcases.TriggerMainUrl -->
