<?xml version="1.0" encoding="UTF-8"?>
<!-- Generated by org.testng.reporters.JUnitReportReporter -->
<testsuite hostname="DESKTOP-0VVRULL" failures="0" tests="1" name="trellotestcases.CreateTwoList" time="133.020" errors="0" timestamp="2023-01-05T11:17:10 IST" skipped="0">
  <testcase classname="trellotestcases.CreateTwoList" name="CreateTwoList" time="133.020"/>
  <system-out/>
</testsuite> <!-- trellotestcases.CreateTwoList -->
